Mono path[0] = 'C:/Users/jdriggin/Documents/Chessio/virtual-worlds-tutorial-master/gdk-for-unity-blank-project/workers/unity/build/worker/UnityClient@Windows/UnityClient@Windows_Data/Managed'
Mono config path = 'C:/Users/jdriggin/Documents/Chessio/virtual-worlds-tutorial-master/gdk-for-unity-blank-project/workers/unity/build/worker/UnityClient@Windows/MonoBleedingEdge/etc'
PlayerConnection initialized from C:/Users/jdriggin/Documents/Chessio/virtual-worlds-tutorial-master/gdk-for-unity-blank-project/workers/unity/build/worker/UnityClient@Windows/UnityClient@Windows_Data (debug = 0)
PlayerConnection initialized network socket : 0.0.0.0 55276
Multi-casting "[IP] 129.79.207.34 [Port] 55276 [Flags] 2 [Guid] 1211621649 [EditorId] 3184053331 [Version] 1048832 [Id] WindowsPlayer(IULB-V-FF052-03) [Debug] 0 [PackageName] WindowsPlayer" to [225.0.0.222:54997]...
Started listening to [0.0.0.0:55276]
PlayerConnection already initialized - listening to [0.0.0.0:55276]
Initialize engine version: 2018.3.0f2 (6e9a27477296)
GfxDevice: creating device client; threaded=1
Direct3D:
    Version:  Direct3D 11.0 [level 11.1]
    Renderer: NVIDIA GeForce GTX 1080 (ID=0x1b80)
    Vendor:   
    VRAM:     8079 MB
    Driver:   25.21.14.1771
FMOD failed to initialize any audio devices, running on emulated software output with no sound. Please check your audio drivers and/or hardware for malfunction.
Begin MonoManager ReloadAssembly
- Completed reload, in  0.108 seconds
<RI> Initializing input.
<RI> Input initialized.
<RI> Initialized touch support.
UnloadTime: 0.709409 ms
[UnityClient] Successfully created a worker
'WorkerId': 'UnityClient-a7a61a61-b318-4974-b221-3857ddea66f8'
'WorkerType': 'UnityClient'
UnityEngine.DebugLogHandler:Internal_Log()
UnityEngine.DebugLogHandler:LogFormat(LogType, Object, String, Object[])
UnityEngine.Logger:Log(LogType, Object, Object)
Improbable.Gdk.Core.ForwardingDispatcher:HandleLog(LogType, LogEvent) (at C:\Users\jdriggin\Documents\Chessio\virtual-worlds-tutorial-master\gdk-for-unity\workers\unity\Packages\com.improbable.gdk.core\Logging\ForwardingDispatcher.cs:81)
Improbable.Gdk.Core.<TryToConnectAsync>d__17:MoveNext() (at C:\Users\jdriggin\Documents\Chessio\virtual-worlds-tutorial-master\gdk-for-unity\workers\unity\Packages\com.improbable.gdk.core\Worker\Worker.cs:113)
System.Runtime.CompilerServices.MoveNextRunner:InvokeMoveNext(Object)
System.Threading.ExecutionContext:RunInternal(ExecutionContext, ContextCallback, Object, Boolean)
System.Threading.ExecutionContext:Run(ExecutionContext, ContextCallback, Object, Boolean)
System.Runtime.CompilerServices.MoveNextRunner:Run()
System.Threading.Tasks.<>c:<.cctor>b__7_0(Object)
UnityEngine.WorkRequest:Invoke()
UnityEngine.UnitySynchronizationContext:Exec()
UnityEngine.UnitySynchronizationContext:ExecuteTasks()
 
(Filename: C:/Users/jdriggin/Documents/Chessio/virtual-worlds-tutorial-master/gdk-for-unity/workers/unity/Packages/com.improbable.gdk.core/Logging/ForwardingDispatcher.cs Line: 81)

Setting up 4 worker threads for Enlighten.
  Thread -> id: 47f0 -> priority: 1 
  Thread -> id: 4794 -> priority: 1 
  Thread -> id: 4380 -> priority: 1 
  Thread -> id: 3718 -> priority: 1 
WARNING: Shader Unsupported: 'Standard' - Pass 'META' has no vertex shader
WARNING: Shader Unsupported: 'Standard' - Pass 'META' has no vertex shader
Init
UnityEngine.DebugLogHandler:Internal_Log()
UnityEngine.DebugLogHandler:LogFormat(LogType, Object, String, Object[])
UnityEngine.Logger:Log(LogType, Object)
UnityEngine.Debug:LogError(Object)
Assets.Scripts.Player.PlayerInput:OnEnable() (at C:\Users\jdriggin\Documents\Chessio\virtual-worlds-tutorial-master\gdk-for-unity-blank-project\workers\unity\Assets\Scripts\Player\PlayerInput.cs:31)
UnityEngine.Behaviour:set_enabled()
Improbable.Gdk.GameObjectRepresentation.<>c__DisplayClass12_0:<EnableSpatialOSBehaviours>b__0() (at C:\Users\jdriggin\Documents\Chessio\virtual-worlds-tutorial-master\gdk-for-unity\workers\unity\Packages\com.improbable.gdk.core\GameObjectRepresentation\Injection\MonoBehaviourActivationManager.cs:122)
Improbable.Gdk.GameObjectRepresentation.MonoBehaviourActivationManager:RunWithExceptionHandling(Action) (at C:\Users\jdriggin\Documents\Chessio\virtual-worlds-tutorial-master\gdk-for-unity\workers\unity\Packages\com.improbable.gdk.core\GameObjectRepresentation\Injection\MonoBehaviourActivationManager.cs:269)
Improbable.Gdk.GameObjectRepresentation.MonoBehaviourActivationManager:EnableSpatialOSBehaviours() (at C:\Users\jdriggin\Documents\Chessio\virtual-worlds-tutorial-master\gdk-for-unity\workers\unity\Packages\com.improbable.gdk.core\GameObjectRepresentation\Injection\MonoBehaviourActivationManager.cs:122)
Improbable.Gdk.GameObjectRepresentation.GameObjectDispatcherSystem:UpdateMonoBehaviours() (at C:\Users\jdriggin\Documents\Chessio\virtual-worlds-tutorial-master\gdk-for-unity\workers\unity\Packages\com.improbable.gdk.core\GameObjectRepresentation\GameObjectDispatcherSystem.cs:230)
Improbable.Gdk.GameObjectRepresentation.GameObjectDispatcherSystem:OnUpdate() (at C:\Users\jdriggin\Documents\Chessio\virtual-worlds-tutorial-master\gdk-for-unity\workers\unity\Packages\com.improbable.gdk.core\GameObjectRepresentation\GameObjectDispatcherSystem.cs:99)
Unity.Entities.ComponentSystem:InternalUpdate() (at C:\Users\jdriggin\Documents\Chessio\virtual-worlds-tutorial-master\gdk-for-unity-blank-project\workers\unity\Library\PackageCache\com.unity.entities@0.0.12-preview.21\Unity.Entities\ComponentSystem.cs:375)
Unity.Entities.ScriptBehaviourManager:Update() (at C:\Users\jdriggin\Documents\Chessio\virtual-worlds-tutorial-master\gdk-for-unity-blank-project\workers\unity\Library\PackageCache\com.unity.entities@0.0.12-preview.21\Unity.Entities\ScriptBehaviourManager.cs:77)
Unity.Entities.DummyDelagateWrapper:TriggerUpdate() (at C:\Users\jdriggin\Documents\Chessio\virtual-worlds-tutorial-master\gdk-for-unity-blank-project\workers\unity\Library\PackageCache\com.unity.entities@0.0.12-preview.21\Unity.Entities\ScriptBehaviourUpdateOrder.cs:703)
 
(Filename: C:/Users/jdriggin/Documents/Chessio/virtual-worlds-tutorial-master/gdk-for-unity-blank-project/workers/unity/Assets/Scripts/Player/PlayerInput.cs Line: 31)

##utp:{"type":"MemoryLeaks","version":2,"phase":"Immediate","time":1554229190041,"processId":19080,"allocatedMemory":6642,"memoryLabels":[{"Default":1048},{"NewDelete":560},{"Thread":8},{"Manager":320},{"VertexData":432},{"GfxDevice":752},{"Physics":32},{"Serialization":40},{"Terrain":88},{"String":998},{"DynamicArray":560},{"PoolAlloc":-88},{"Sprites":16},{"VR":536},{"SceneManager":240},{"NativeArray":1092},{"Secure":8}]}
