debug Enabling plugins for supported SDK version '13.5.1-gdk-for-unity' [cli-version: 20190114.130720.d88275c6e9]
debug using local event logger [cli-version: 20190114.130720.d88275c6e9]
debug starting wrapper services endpoint [cli-version: 20190114.130720.d88275c6e9]
debug health-check message from wrapper service received [cli-version: 20190114.130720.d88275c6e9]
debug wrapper service started successfully in 3.0699ms after 1 attempt(s) [cli-version: 20190114.130720.d88275c6e9]
debug Importing the SDK plugin for project SDK version '13.5.1-gdk-for-unity'. [cli-version: 20190114.130720.d88275c6e9]
debug Retrieved the plugin commands from cache. [cli-version: 20190114.130720.d88275c6e9]
debug Adding new command: 'build'. [cli-version: 20190114.130720.d88275c6e9]
debug Adding new command: 'clean'. [cli-version: 20190114.130720.d88275c6e9]
debug Adding new command: 'codegen'. [cli-version: 20190114.130720.d88275c6e9]
debug Adding new command: 'diagnose'. [cli-version: 20190114.130720.d88275c6e9]
debug Adding new command: 'exec'. [cli-version: 20190114.130720.d88275c6e9]
debug Adding new command: 'file'. [cli-version: 20190114.130720.d88275c6e9]
debug Not changing existing command as imported command does not have an implementation: 'local'. [cli-version: 20190114.130720.d88275c6e9]
debug Not changing existing command as imported command does not have an implementation: 'worker'. [cli-version: 20190114.130720.d88275c6e9]
debug Adding new command: 'launch'. [cli-version: 20190114.130720.d88275c6e9]
debug Adding aliases to 'package' command: worker_package [cli-version: 20190114.130720.d88275c6e9]
debug Adding new command: 'clean'. [cli-version: 20190114.130720.d88275c6e9]
debug Adding new command: 'unpack'. [cli-version: 20190114.130720.d88275c6e9]
debug Adding new command: 'unpack-to'. [cli-version: 20190114.130720.d88275c6e9]
debug Adding new command: 'prepare-for-run'. [cli-version: 20190114.130720.d88275c6e9]
debug Not changing existing command as imported command does not have an implementation: 'project'. [cli-version: 20190114.130720.d88275c6e9]
debug Not changing existing command as imported command does not have an implementation: 'history'. [cli-version: 20190114.130720.d88275c6e9]
debug Not changing existing command as imported command does not have an implementation: 'snapshot'. [cli-version: 20190114.130720.d88275c6e9]
debug Adding new command: 'convert'. [cli-version: 20190114.130720.d88275c6e9]
debug Adding new command: 'schema'. [cli-version: 20190114.130720.d88275c6e9]
debug Adding new command: 'setup'. [cli-version: 20190114.130720.d88275c6e9]
debug Adding new command: 'worker'. [cli-version: 20190114.130720.d88275c6e9]
warning A newer version of spatial is available. Run 'spatial update' to get the latest version.
For more information, see https://docs.improbable.io/reference/latest/shared/release-policy#spatial-cli-releases [cli-version: 20190114.130720.d88275c6e9]
debug Executing command: [C:\Users\jdriggin\AppData\Local\.improbable\bin\plugins\sdk\13.5.1-gdk-for-unity\sdk.exe build build-config --wrapper_service_port 1443 --]. [cli-version: 20190114.130720.d88275c6e9]
debug Found project root at C:\Users\jdriggin\Documents\Chessio\virtual-worlds-tutorial-master\gdk-for-unity-blank-project [cli-version: 20190114.130720.d88275c6e9]
debug Running within a SpatialOS project, using the default input paths '[C:\Users\jdriggin\Documents\Chessio\virtual-worlds-tutorial-master\gdk-for-unity-blank-project\schema C:\Users\jdriggin\Documents\Chessio\virtual-worlds-tutorial-master\gdk-for-unity-blank-project\build\dependencies\schema\standard_library]' [cli-version: 20190114.130720.d88275c6e9]
debug Executing '[C:\Users\jdriggin\AppData\Local\.improbable\bin\plugins\sdk\13.5.1-gdk-for-unity\sdk.exe build build-config --wrapper_service_port 1443 --]' in 'C:\Users\jdriggin\Documents\Chessio\virtual-worlds-tutorial-master\gdk-for-unity-blank-project' [cli-version: 20190114.130720.d88275c6e9]
debug Building worker assemblies. [cli-version: 20190114.130720.d88275c6e9]
info Generating bridge settings for AndroidClient. [cli-version: 20190114.130720.d88275c6e9]
debug Worker 'AndroidClient' defined at 'C:\Users\jdriggin\Documents\Chessio\virtual-worlds-tutorial-master\gdk-for-unity-blank-project\workers\unity\spatialos.AndroidClient.worker.json' has no managed launch configuration defined. [cli-version: 20190114.130720.d88275c6e9]
info Generating bridge settings for UnityClient. [cli-version: 20190114.130720.d88275c6e9]
debug Worker 'UnityClient' defined at 'C:\Users\jdriggin\Documents\Chessio\virtual-worlds-tutorial-master\gdk-for-unity-blank-project\workers\unity\spatialos.UnityClient.worker.json' has no managed launch configuration defined. [cli-version: 20190114.130720.d88275c6e9]
info Generating bridge settings for UnityGameLogic. [cli-version: 20190114.130720.d88275c6e9]
info Generating managed worker configuration for UnityGameLogic. [cli-version: 20190114.130720.d88275c6e9]
info Generating bridge settings for iOSClient. [cli-version: 20190114.130720.d88275c6e9]
debug Worker 'iOSClient' defined at 'C:\Users\jdriggin\Documents\Chessio\virtual-worlds-tutorial-master\gdk-for-unity-blank-project\workers\unity\spatialos.iOSClient.worker.json' has no managed launch configuration defined. [cli-version: 20190114.130720.d88275c6e9]
info 'spatial build build-config' succeeded [cli-version: 20190114.130720.d88275c6e9][formatting_hints: category:SUCCESS duration:<nanos:30003100 > ]
debug wrapper services endpoint shut down gracefully [cli-version: 20190114.130720.d88275c6e9]
