debug Enabling plugins for supported SDK version '13.5.1-gdk-for-unity' [cli-version: 20190114.130720.d88275c6e9]
debug using local event logger [cli-version: 20190114.130720.d88275c6e9]
debug starting wrapper services endpoint [cli-version: 20190114.130720.d88275c6e9]
debug health-check message from wrapper service received [cli-version: 20190114.130720.d88275c6e9]
debug wrapper service started successfully in 3.9701ms after 1 attempt(s) [cli-version: 20190114.130720.d88275c6e9]
debug Importing the SDK plugin for project SDK version '13.5.1-gdk-for-unity'. [cli-version: 20190114.130720.d88275c6e9]
debug Retrieved the plugin commands from cache. [cli-version: 20190114.130720.d88275c6e9]
debug Adding new command: 'build'. [cli-version: 20190114.130720.d88275c6e9]
debug Adding new command: 'clean'. [cli-version: 20190114.130720.d88275c6e9]
debug Adding new command: 'codegen'. [cli-version: 20190114.130720.d88275c6e9]
debug Adding new command: 'diagnose'. [cli-version: 20190114.130720.d88275c6e9]
debug Adding new command: 'exec'. [cli-version: 20190114.130720.d88275c6e9]
debug Adding new command: 'file'. [cli-version: 20190114.130720.d88275c6e9]
debug Not changing existing command as imported command does not have an implementation: 'local'. [cli-version: 20190114.130720.d88275c6e9]
debug Not changing existing command as imported command does not have an implementation: 'worker'. [cli-version: 20190114.130720.d88275c6e9]
debug Adding new command: 'launch'. [cli-version: 20190114.130720.d88275c6e9]
debug Adding aliases to 'package' command: worker_package [cli-version: 20190114.130720.d88275c6e9]
debug Adding new command: 'clean'. [cli-version: 20190114.130720.d88275c6e9]
debug Adding new command: 'unpack'. [cli-version: 20190114.130720.d88275c6e9]
debug Adding new command: 'unpack-to'. [cli-version: 20190114.130720.d88275c6e9]
debug Adding new command: 'prepare-for-run'. [cli-version: 20190114.130720.d88275c6e9]
debug Not changing existing command as imported command does not have an implementation: 'project'. [cli-version: 20190114.130720.d88275c6e9]
debug Not changing existing command as imported command does not have an implementation: 'history'. [cli-version: 20190114.130720.d88275c6e9]
debug Not changing existing command as imported command does not have an implementation: 'snapshot'. [cli-version: 20190114.130720.d88275c6e9]
debug Adding new command: 'convert'. [cli-version: 20190114.130720.d88275c6e9]
debug Adding new command: 'schema'. [cli-version: 20190114.130720.d88275c6e9]
debug Adding new command: 'setup'. [cli-version: 20190114.130720.d88275c6e9]
debug Adding new command: 'worker'. [cli-version: 20190114.130720.d88275c6e9]
warning A newer version of spatial is available. Run 'spatial update' to get the latest version.
For more information, see https://docs.improbable.io/reference/latest/shared/release-policy#spatial-cli-releases [cli-version: 20190114.130720.d88275c6e9]
debug Retrieving information for package type 'schema' with name 'standard_library' and version '13.5.1-gdk-for-unity'... [cli-version: 20190114.130720.d88275c6e9]
info Retrieved information for package type 'schema' with name 'standard_library' and version '13.5.1-gdk-for-unity' [cli-version: 20190114.130720.d88275c6e9]
debug Downloading package type 'schema' with name 'standard_library' and version '13.5.1-gdk-for-unity' to 'C:\Users\jdriggin\Documents\Chessio\virtual-worlds-tutorial-master\gdk-for-unity-blank-project\workers\unity\build\CoreSdk\13.5.1-gdk-for-unity\standard_library.zip'... [cli-version: 20190114.130720.d88275c6e9]
debug Received download URL: https://storage.googleapis.com/improbable-packages-private/schema/standard_library/13.5.1-gdk-for-unity/68eff3e49fbfe107a8b775b6ad8b0074?Expires=1554229353&GoogleAccessId=56260027111-427eh55vcs7gne2i6d6qaa60egsj9k6t%40developer.gserviceaccount.com&Signature=PFQuJXukUZ3YMD%2F4CLMS1Lf%2FUxMPU1pwNAddHm1Nor3w5qNk0OlSryxbrquh0pTfUTuyJHBbnvGuCz4K12x3OjUtbT%2FxrukKUGHYBodIDKSv9RNQESRvmDbeGcJ5%2F2Xi5nS48UId5jrRtBg%2BwwxkKdmTbHC01lAqEBzSglmuTp8%3D [cli-version: 20190114.130720.d88275c6e9]
info Downloading... [cli-version: 20190114.130720.d88275c6e9]
info Download finished. [cli-version: 20190114.130720.d88275c6e9]
debug File downloaded, testing if it matches expected md5 checksum: aO/z5J+/4Qeot3W2rYsAdA== [cli-version: 20190114.130720.d88275c6e9]
info Successfully downloaded package type 'schema' with name 'standard_library' and version '13.5.1-gdk-for-unity' to 'C:\Users\jdriggin\Documents\Chessio\virtual-worlds-tutorial-master\gdk-for-unity-blank-project\workers\unity\build\CoreSdk\13.5.1-gdk-for-unity\standard_library.zip' [cli-version: 20190114.130720.d88275c6e9]
debug wrapper services endpoint shut down gracefully [cli-version: 20190114.130720.d88275c6e9]
