debug Enabling plugins for supported SDK version '13.5.1-gdk-for-unity' [cli-version: 20190114.130720.d88275c6e9]
debug using local event logger [cli-version: 20190114.130720.d88275c6e9]
debug starting wrapper services endpoint [cli-version: 20190114.130720.d88275c6e9]
debug health-check message from wrapper service received [cli-version: 20190114.130720.d88275c6e9]
debug wrapper service started successfully in 4.0008ms after 1 attempt(s) [cli-version: 20190114.130720.d88275c6e9]
debug Importing the SDK plugin for project SDK version '13.5.1-gdk-for-unity'. [cli-version: 20190114.130720.d88275c6e9]
debug Retrieved the plugin commands from cache. [cli-version: 20190114.130720.d88275c6e9]
debug Adding new command: 'build'. [cli-version: 20190114.130720.d88275c6e9]
debug Adding new command: 'clean'. [cli-version: 20190114.130720.d88275c6e9]
debug Adding new command: 'codegen'. [cli-version: 20190114.130720.d88275c6e9]
debug Adding new command: 'diagnose'. [cli-version: 20190114.130720.d88275c6e9]
debug Adding new command: 'exec'. [cli-version: 20190114.130720.d88275c6e9]
debug Adding new command: 'file'. [cli-version: 20190114.130720.d88275c6e9]
debug Not changing existing command as imported command does not have an implementation: 'local'. [cli-version: 20190114.130720.d88275c6e9]
debug Not changing existing command as imported command does not have an implementation: 'worker'. [cli-version: 20190114.130720.d88275c6e9]
debug Adding new command: 'launch'. [cli-version: 20190114.130720.d88275c6e9]
debug Adding aliases to 'package' command: worker_package [cli-version: 20190114.130720.d88275c6e9]
debug Adding new command: 'clean'. [cli-version: 20190114.130720.d88275c6e9]
debug Adding new command: 'unpack'. [cli-version: 20190114.130720.d88275c6e9]
debug Adding new command: 'unpack-to'. [cli-version: 20190114.130720.d88275c6e9]
debug Adding new command: 'prepare-for-run'. [cli-version: 20190114.130720.d88275c6e9]
debug Not changing existing command as imported command does not have an implementation: 'project'. [cli-version: 20190114.130720.d88275c6e9]
debug Not changing existing command as imported command does not have an implementation: 'history'. [cli-version: 20190114.130720.d88275c6e9]
debug Not changing existing command as imported command does not have an implementation: 'snapshot'. [cli-version: 20190114.130720.d88275c6e9]
debug Adding new command: 'convert'. [cli-version: 20190114.130720.d88275c6e9]
debug Adding new command: 'schema'. [cli-version: 20190114.130720.d88275c6e9]
debug Adding new command: 'setup'. [cli-version: 20190114.130720.d88275c6e9]
debug Adding new command: 'worker'. [cli-version: 20190114.130720.d88275c6e9]
warning A newer version of spatial is available. Run 'spatial update' to get the latest version.
For more information, see https://docs.improbable.io/reference/latest/shared/release-policy#spatial-cli-releases [cli-version: 20190114.130720.d88275c6e9]
debug Retrieving information for package type 'worker_sdk' with name 'core-dynamic-armeabi_v7a-android' and version '13.5.1-gdk-for-unity'... [cli-version: 20190114.130720.d88275c6e9]
info Retrieved information for package type 'worker_sdk' with name 'core-dynamic-armeabi_v7a-android' and version '13.5.1-gdk-for-unity' [cli-version: 20190114.130720.d88275c6e9]
debug Downloading package type 'worker_sdk' with name 'core-dynamic-armeabi_v7a-android' and version '13.5.1-gdk-for-unity' to 'C:\Users\jdriggin\Documents\Chessio\virtual-worlds-tutorial-master\gdk-for-unity-blank-project\workers\unity\build\CoreSdk\13.5.1-gdk-for-unity\core-dynamic-armeabi_v7a-android.zip'... [cli-version: 20190114.130720.d88275c6e9]
debug Received download URL: https://storage.googleapis.com/improbable-packages-private/worker_sdk/core-dynamic-armeabi_v7a-android/13.5.1-gdk-for-unity/2133d91dea24c964b0b678cd922261cb?Expires=1554229347&GoogleAccessId=56260027111-427eh55vcs7gne2i6d6qaa60egsj9k6t%40developer.gserviceaccount.com&Signature=cIjj5NAIl4LPrFti7EGsuaSQHC2jQS4ZX39bEEzXA5LkXtGKCvgBULHkQlsyy7eiGnpp8tbqM1cH2ntL7QFkfg%2Bv8%2FjXN%2BWXmmHjfRlwcC6MZk%2Fx8OATauFTUc4mrqtu00WFcba7ZVS20sCGYD%2BRWTk%2F2yM8W13Mdd6imtjrzkM%3D [cli-version: 20190114.130720.d88275c6e9]
info Downloading... [cli-version: 20190114.130720.d88275c6e9]
info Download finished. [cli-version: 20190114.130720.d88275c6e9]
debug File downloaded, testing if it matches expected md5 checksum: ITPZHeokyWSwtnjNkiJhyw== [cli-version: 20190114.130720.d88275c6e9]
info Successfully downloaded package type 'worker_sdk' with name 'core-dynamic-armeabi_v7a-android' and version '13.5.1-gdk-for-unity' to 'C:\Users\jdriggin\Documents\Chessio\virtual-worlds-tutorial-master\gdk-for-unity-blank-project\workers\unity\build\CoreSdk\13.5.1-gdk-for-unity\core-dynamic-armeabi_v7a-android.zip' [cli-version: 20190114.130720.d88275c6e9]
debug wrapper services endpoint shut down gracefully [cli-version: 20190114.130720.d88275c6e9]
