debug Enabling plugins for supported SDK version '13.5.1-gdk-for-unity' [cli-version: 20190114.130720.d88275c6e9]
debug using local event logger [cli-version: 20190114.130720.d88275c6e9]
debug starting wrapper services endpoint [cli-version: 20190114.130720.d88275c6e9]
debug health-check message from wrapper service received [cli-version: 20190114.130720.d88275c6e9]
debug wrapper service started successfully in 5.0007ms after 1 attempt(s) [cli-version: 20190114.130720.d88275c6e9]
debug Importing the SDK plugin for project SDK version '13.5.1-gdk-for-unity'. [cli-version: 20190114.130720.d88275c6e9]
debug Retrieved the plugin commands from cache. [cli-version: 20190114.130720.d88275c6e9]
debug Adding new command: 'build'. [cli-version: 20190114.130720.d88275c6e9]
debug Adding new command: 'clean'. [cli-version: 20190114.130720.d88275c6e9]
debug Adding new command: 'codegen'. [cli-version: 20190114.130720.d88275c6e9]
debug Adding new command: 'diagnose'. [cli-version: 20190114.130720.d88275c6e9]
debug Adding new command: 'exec'. [cli-version: 20190114.130720.d88275c6e9]
debug Adding new command: 'file'. [cli-version: 20190114.130720.d88275c6e9]
debug Not changing existing command as imported command does not have an implementation: 'local'. [cli-version: 20190114.130720.d88275c6e9]
debug Not changing existing command as imported command does not have an implementation: 'worker'. [cli-version: 20190114.130720.d88275c6e9]
debug Adding new command: 'launch'. [cli-version: 20190114.130720.d88275c6e9]
debug Adding aliases to 'package' command: worker_package [cli-version: 20190114.130720.d88275c6e9]
debug Adding new command: 'clean'. [cli-version: 20190114.130720.d88275c6e9]
debug Adding new command: 'unpack'. [cli-version: 20190114.130720.d88275c6e9]
debug Adding new command: 'unpack-to'. [cli-version: 20190114.130720.d88275c6e9]
debug Adding new command: 'prepare-for-run'. [cli-version: 20190114.130720.d88275c6e9]
debug Not changing existing command as imported command does not have an implementation: 'project'. [cli-version: 20190114.130720.d88275c6e9]
debug Not changing existing command as imported command does not have an implementation: 'history'. [cli-version: 20190114.130720.d88275c6e9]
debug Not changing existing command as imported command does not have an implementation: 'snapshot'. [cli-version: 20190114.130720.d88275c6e9]
debug Adding new command: 'convert'. [cli-version: 20190114.130720.d88275c6e9]
debug Adding new command: 'schema'. [cli-version: 20190114.130720.d88275c6e9]
debug Adding new command: 'setup'. [cli-version: 20190114.130720.d88275c6e9]
debug Adding new command: 'worker'. [cli-version: 20190114.130720.d88275c6e9]
warning A newer version of spatial is available. Run 'spatial update' to get the latest version.
For more information, see https://docs.improbable.io/reference/latest/shared/release-policy#spatial-cli-releases [cli-version: 20190114.130720.d88275c6e9]
debug Retrieving information for package type 'tools' with name 'schema_compiler-x86_64-win32' and version '13.5.1-gdk-for-unity'... [cli-version: 20190114.130720.d88275c6e9]
info Retrieved information for package type 'tools' with name 'schema_compiler-x86_64-win32' and version '13.5.1-gdk-for-unity' [cli-version: 20190114.130720.d88275c6e9]
debug Downloading package type 'tools' with name 'schema_compiler-x86_64-win32' and version '13.5.1-gdk-for-unity' to 'C:\Users\jdriggin\Documents\Chessio\virtual-worlds-tutorial-master\gdk-for-unity-blank-project\workers\unity\build\CoreSdk\13.5.1-gdk-for-unity\schema_compiler-x86_64-win32.zip'... [cli-version: 20190114.130720.d88275c6e9]
debug Received download URL: https://storage.googleapis.com/improbable-packages-private/tools/schema_compiler-x86_64-win32/13.5.1-gdk-for-unity/c6a8d6a9b722acec861c73b509c7283e?Expires=1554229354&GoogleAccessId=56260027111-427eh55vcs7gne2i6d6qaa60egsj9k6t%40developer.gserviceaccount.com&Signature=glrw%2FyUYapjjrvqZQsxp3Ns%2BAh%2FVvKi1nJioEbZKqyH9gjH4Lz00h5jFZDV%2Bz1cumg4X1KkgX%2F5pF9SGm1IFQnfLXP5iP3kI0DKUomoz4DrRLzDG5ifO2Onb8WGSeYPCOlUEsWFHHUdidmTwX9XSh%2BkbBeIIwGYBnVoJEzRaukw%3D [cli-version: 20190114.130720.d88275c6e9]
info Downloading... [cli-version: 20190114.130720.d88275c6e9]
info Download finished. [cli-version: 20190114.130720.d88275c6e9]
debug File downloaded, testing if it matches expected md5 checksum: xqjWqbcirOyGHHO1CccoPg== [cli-version: 20190114.130720.d88275c6e9]
info Successfully downloaded package type 'tools' with name 'schema_compiler-x86_64-win32' and version '13.5.1-gdk-for-unity' to 'C:\Users\jdriggin\Documents\Chessio\virtual-worlds-tutorial-master\gdk-for-unity-blank-project\workers\unity\build\CoreSdk\13.5.1-gdk-for-unity\schema_compiler-x86_64-win32.zip' [cli-version: 20190114.130720.d88275c6e9]
debug wrapper services endpoint shut down gracefully [cli-version: 20190114.130720.d88275c6e9]
